# JRE version: OpenJDK Runtime Environment (8.0_202-b03) (build 1.8.0_202-release-1483-b03)
# Java VM: OpenJDK 64-Bit Server VM (25.202-b03 mixed mode windows-amd64 compressed oops)
Heap:
 PSYoungGen      total 359424K, used 138911K [0x00000000e0000000, 0x00000000fd680000, 0x0000000100000000)
  eden space 269312K, 20% used [0x00000000e0000000,0x00000000e3533fb8,0x00000000f0700000)
  from space 90112K, 93% used [0x00000000f6b00000,0x00000000fbd73ed8,0x00000000fc300000)
  to   space 102400K, 0% used [0x00000000f0700000,0x00000000f0700000,0x00000000f6b00000)
 ParOldGen       total 420352K, used 85565K [0x00000000a0000000, 0x00000000b9a80000, 0x00000000e0000000)
  object space 420352K, 20% used [0x00000000a0000000,0x00000000a538f700,0x00000000b9a80000)
 Metaspace       used 115468K, capacity 118974K, committed 119756K, reserved 1153024K
  class space    used 14474K, capacity 15122K, committed 15360K, reserved 1048576K
GC Heap History (10 events):
Event: 2191.939 GC heap before
{Heap before GC invocations=18 (full 4):
 PSYoungGen      total 255488K, used 207360K [0x00000000e0000000, 0x00000000f4f80000, 0x0000000100000000)
  eden space 207360K, 100% used [0x00000000e0000000,0x00000000eca80000,0x00000000eca80000)
  from space 48128K, 0% used [0x00000000eca80000,0x00000000eca80000,0x00000000ef980000)
  to   space 60416K, 0% used [0x00000000f1480000,0x00000000f1480000,0x00000000f4f80000)
 ParOldGen       total 420352K, used 67752K [0x00000000a0000000, 0x00000000b9a80000, 0x00000000e0000000)
  object space 420352K, 16% used [0x00000000a0000000,0x00000000a422a1f0,0x00000000b9a80000)
 Metaspace       used 95239K, capacity 98220K, committed 99660K, reserved 1136640K
  class space    used 12292K, capacity 12885K, committed 13184K, reserved 1048576K
Event: 2191.951 GC heap after
Heap after GC invocations=18 (full 4):
 PSYoungGen      total 285184K, used 28414K [0x00000000e0000000, 0x00000000f5b80000, 0x0000000100000000)
  eden space 224768K, 0% used [0x00000000e0000000,0x00000000e0000000,0x00000000edb80000)
  from space 60416K, 47% used [0x00000000f1480000,0x00000000f303fa90,0x00000000f4f80000)
  to   space 58368K, 0% used [0x00000000edb80000,0x00000000edb80000,0x00000000f1480000)
 ParOldGen       total 420352K, used 67760K [0x00000000a0000000, 0x00000000b9a80000, 0x00000000e0000000)
  object space 420352K, 16% used [0x00000000a0000000,0x00000000a422c1f0,0x00000000b9a80000)
 Metaspace       used 95239K, capacity 98220K, committed 99660K, reserved 1136640K
  class space    used 12292K, capacity 12885K, committed 13184K, reserved 1048576K
}
Event: 2193.499 GC heap before
{Heap before GC invocations=19 (full 4):
 PSYoungGen      total 285184K, used 253182K [0x00000000e0000000, 0x00000000f5b80000, 0x0000000100000000)
  eden space 224768K, 100% used [0x00000000e0000000,0x00000000edb80000,0x00000000edb80000)
  from space 60416K, 47% used [0x00000000f1480000,0x00000000f303fa90,0x00000000f4f80000)
  to   space 58368K, 0% used [0x00000000edb80000,0x00000000edb80000,0x00000000f1480000)
 ParOldGen       total 420352K, used 67760K [0x00000000a0000000, 0x00000000b9a80000, 0x00000000e0000000)
  object space 420352K, 16% used [0x00000000a0000000,0x00000000a422c1f0,0x00000000b9a80000)
 Metaspace       used 101691K, capacity 104780K, committed 106060K, reserved 1140736K
  class space    used 13008K, capacity 13611K, committed 13952K, reserved 1048576K
Event: 2193.523 GC heap after
Heap after GC invocations=19 (full 4):
 PSYoungGen      total 283136K, used 58344K [0x00000000e0000000, 0x00000000f9400000, 0x0000000100000000)
  eden space 224768K, 0% used [0x00000000e0000000,0x00000000e0000000,0x00000000edb80000)
  from space 58368K, 99% used [0x00000000edb80000,0x00000000f147a1a0,0x00000000f1480000)
  to   space 73728K, 0% used [0x00000000f4c00000,0x00000000f4c00000,0x00000000f9400000)
 ParOldGen       total 420352K, used 85541K [0x00000000a0000000, 0x00000000b9a80000, 0x00000000e0000000)
  object space 420352K, 20% used [0x00000000a0000000,0x00000000a5389700,0x00000000b9a80000)
 Metaspace       used 101691K, capacity 104780K, committed 106060K, reserved 1140736K
  class space    used 13008K, capacity 13611K, committed 13952K, reserved 1048576K
}
Event: 2794.205 GC heap before
{Heap before GC invocations=20 (full 4):
 PSYoungGen      total 283136K, used 283112K [0x00000000e0000000, 0x00000000f9400000, 0x0000000100000000)
  eden space 224768K, 100% used [0x00000000e0000000,0x00000000edb80000,0x00000000edb80000)
  from space 58368K, 99% used [0x00000000edb80000,0x00000000f147a1a0,0x00000000f1480000)
  to   space 73728K, 0% used [0x00000000f4c00000,0x00000000f4c00000,0x00000000f9400000)
 ParOldGen       total 420352K, used 85541K [0x00000000a0000000, 0x00000000b9a80000, 0x00000000e0000000)
  object space 420352K, 20% used [0x00000000a0000000,0x00000000a5389700,0x00000000b9a80000)
 Metaspace       used 102335K, capacity 105554K, committed 106572K, reserved 1142784K
  class space    used 13038K, capacity 13674K, committed 13952K, reserved 1048576K
Event: 2794.232 GC heap after
Heap after GC invocations=20 (full 4):
 PSYoungGen      total 330240K, used 68356K [0x00000000e0000000, 0x00000000f9f80000, 0x0000000100000000)
  eden space 256512K, 0% used [0x00000000e0000000,0x00000000e0000000,0x00000000efa80000)
  from space 73728K, 92% used [0x00000000f4c00000,0x00000000f8ec11e8,0x00000000f9400000)
  to   space 83456K, 0% used [0x00000000efa80000,0x00000000efa80000,0x00000000f4c00000)
 ParOldGen       total 420352K, used 85549K [0x00000000a0000000, 0x00000000b9a80000, 0x00000000e0000000)
  object space 420352K, 20% used [0x00000000a0000000,0x00000000a538b700,0x00000000b9a80000)
 Metaspace       used 102335K, capacity 105554K, committed 106572K, reserved 1142784K
  class space    used 13038K, capacity 13674K, committed 13952K, reserved 1048576K
}
Event: 2801.230 GC heap before
{Heap before GC invocations=21 (full 4):
 PSYoungGen      total 330240K, used 324868K [0x00000000e0000000, 0x00000000f9f80000, 0x0000000100000000)
  eden space 256512K, 100% used [0x00000000e0000000,0x00000000efa80000,0x00000000efa80000)
  from space 73728K, 92% used [0x00000000f4c00000,0x00000000f8ec11e8,0x00000000f9400000)
  to   space 83456K, 0% used [0x00000000efa80000,0x00000000efa80000,0x00000000f4c00000)
 ParOldGen       total 420352K, used 85549K [0x00000000a0000000, 0x00000000b9a80000, 0x00000000e0000000)
  object space 420352K, 20% used [0x00000000a0000000,0x00000000a538b700,0x00000000b9a80000)
 Metaspace       used 108889K, capacity 112190K, committed 113100K, reserved 1148928K
  class space    used 13750K, capacity 14380K, committed 14592K, reserved 1048576K
Event: 2801.275 GC heap after
Heap after GC invocations=21 (full 4):
 PSYoungGen      total 339968K, used 65155K [0x00000000e0000000, 0x00000000fc300000, 0x0000000100000000)
  eden space 256512K, 0% used [0x00000000e0000000,0x00000000e0000000,0x00000000efa80000)
  from space 83456K, 78% used [0x00000000efa80000,0x00000000f3a20f40,0x00000000f4c00000)
  to   space 90112K, 0% used [0x00000000f6b00000,0x00000000f6b00000,0x00000000fc300000)
 ParOldGen       total 420352K, used 85557K [0x00000000a0000000, 0x00000000b9a80000, 0x00000000e0000000)
  object space 420352K, 20% used [0x00000000a0000000,0x00000000a538d700,0x00000000b9a80000)
 Metaspace       used 108889K, capacity 112190K, committed 113100K, reserved 1148928K
  class space    used 13750K, capacity 14380K, committed 14592K, reserved 1048576K
}
Event: 2930.439 GC heap before
{Heap before GC invocations=22 (full 4):
 PSYoungGen      total 339968K, used 321667K [0x00000000e0000000, 0x00000000fc300000, 0x0000000100000000)
  eden space 256512K, 100% used [0x00000000e0000000,0x00000000efa80000,0x00000000efa80000)
  from space 83456K, 78% used [0x00000000efa80000,0x00000000f3a20f40,0x00000000f4c00000)
  to   space 90112K, 0% used [0x00000000f6b00000,0x00000000f6b00000,0x00000000fc300000)
 ParOldGen       total 420352K, used 85557K [0x00000000a0000000, 0x00000000b9a80000, 0x00000000e0000000)
  object space 420352K, 20% used [0x00000000a0000000,0x00000000a538d700,0x00000000b9a80000)
 Metaspace       used 115452K, capacity 118910K, committed 119756K, reserved 1153024K
  class space    used 14474K, capacity 15122K, committed 15360K, reserved 1048576K
Event: 2930.482 GC heap after
Heap after GC invocations=22 (full 4):
 PSYoungGen      total 359424K, used 84431K [0x00000000e0000000, 0x00000000fd680000, 0x0000000100000000)
  eden space 269312K, 0% used [0x00000000e0000000,0x00000000e0000000,0x00000000f0700000)
  from space 90112K, 93% used [0x00000000f6b00000,0x00000000fbd73ed8,0x00000000fc300000)
  to   space 102400K, 0% used [0x00000000f0700000,0x00000000f0700000,0x00000000f6b00000)
 ParOldGen       total 420352K, used 85565K [0x00000000a0000000, 0x00000000b9a80000, 0x00000000e0000000)
  object space 420352K, 20% used [0x00000000a0000000,0x00000000a538f700,0x00000000b9a80000)
 Metaspace       used 115452K, capacity 118910K, committed 119756K, reserved 1153024K
  class space    used 14474K, capacity 15122K, committed 15360K, reserved 1048576K
}

