# JRE version: OpenJDK Runtime Environment (8.0_202-b03) (build 1.8.0_202-release-1483-b03)
# Java VM: OpenJDK 64-Bit Server VM (25.202-b03 mixed mode windows-amd64 compressed oops)
Heap:
 PSYoungGen      total 271360K, used 191553K [0x00000000e0000000, 0x00000000f3d80000, 0x0000000100000000)
  eden space 232960K, 82% used [0x00000000e0000000,0x00000000ebb10690,0x00000000ee380000)
  from space 38400K, 0% used [0x00000000f0d80000,0x00000000f0d80000,0x00000000f3300000)
  to   space 43008K, 0% used [0x00000000ee380000,0x00000000ee380000,0x00000000f0d80000)
 ParOldGen       total 441344K, used 75353K [0x00000000a0000000, 0x00000000baf00000, 0x00000000e0000000)
  object space 441344K, 17% used [0x00000000a0000000,0x00000000a49964c8,0x00000000baf00000)
 Metaspace       used 94743K, capacity 97914K, committed 99352K, reserved 1134592K
  class space    used 12325K, capacity 12996K, committed 13352K, reserved 1048576K
GC Heap History (10 events):
Event: 6.971 GC heap before
{Heap before GC invocations=12 (full 3):
 PSYoungGen      total 218112K, used 200704K [0x00000000e0000000, 0x00000000ef100000, 0x0000000100000000)
  eden space 200704K, 100% used [0x00000000e0000000,0x00000000ec400000,0x00000000ec400000)
  from space 17408K, 0% used [0x00000000ed900000,0x00000000ed900000,0x00000000eea00000)
  to   space 21504K, 0% used [0x00000000ec400000,0x00000000ec400000,0x00000000ed900000)
 ParOldGen       total 275456K, used 35091K [0x00000000a0000000, 0x00000000b0d00000, 0x00000000e0000000)
  object space 275456K, 12% used [0x00000000a0000000,0x00000000a2244f10,0x00000000b0d00000)
 Metaspace       used 66056K, capacity 68732K, committed 68888K, reserved 1107968K
  class space    used 8871K, capacity 9409K, committed 9512K, reserved 1048576K
Event: 6.985 GC heap after
Heap after GC invocations=12 (full 3):
 PSYoungGen      total 222208K, used 21482K [0x00000000e0000000, 0x00000000f1400000, 0x0000000100000000)
  eden space 200704K, 0% used [0x00000000e0000000,0x00000000e0000000,0x00000000ec400000)
  from space 21504K, 99% used [0x00000000ec400000,0x00000000ed8faad0,0x00000000ed900000)
  to   space 27648K, 0% used [0x00000000ef900000,0x00000000ef900000,0x00000000f1400000)
 ParOldGen       total 275456K, used 43294K [0x00000000a0000000, 0x00000000b0d00000, 0x00000000e0000000)
  object space 275456K, 15% used [0x00000000a0000000,0x00000000a2a47860,0x00000000b0d00000)
 Metaspace       used 66056K, capacity 68732K, committed 68888K, reserved 1107968K
  class space    used 8871K, capacity 9409K, committed 9512K, reserved 1048576K
}
Event: 8.713 GC heap before
{Heap before GC invocations=13 (full 3):
 PSYoungGen      total 222208K, used 222186K [0x00000000e0000000, 0x00000000f1400000, 0x0000000100000000)
  eden space 200704K, 100% used [0x00000000e0000000,0x00000000ec400000,0x00000000ec400000)
  from space 21504K, 99% used [0x00000000ec400000,0x00000000ed8faad0,0x00000000ed900000)
  to   space 27648K, 0% used [0x00000000ef900000,0x00000000ef900000,0x00000000f1400000)
 ParOldGen       total 275456K, used 43294K [0x00000000a0000000, 0x00000000b0d00000, 0x00000000e0000000)
  object space 275456K, 15% used [0x00000000a0000000,0x00000000a2a47860,0x00000000b0d00000)
 Metaspace       used 73997K, capacity 76880K, committed 76952K, reserved 1116160K
  class space    used 9767K, capacity 10395K, committed 10408K, reserved 1048576K
Event: 8.740 GC heap after
Heap after GC invocations=13 (full 3):
 PSYoungGen      total 242176K, used 27647K [0x00000000e0000000, 0x00000000f2d80000, 0x0000000100000000)
  eden space 214528K, 0% used [0x00000000e0000000,0x00000000e0000000,0x00000000ed180000)
  from space 27648K, 99% used [0x00000000ef900000,0x00000000f13ffff8,0x00000000f1400000)
  to   space 40448K, 0% used [0x00000000ed180000,0x00000000ed180000,0x00000000ef900000)
 ParOldGen       total 275456K, used 68298K [0x00000000a0000000, 0x00000000b0d00000, 0x00000000e0000000)
  object space 275456K, 24% used [0x00000000a0000000,0x00000000a42b2a18,0x00000000b0d00000)
 Metaspace       used 73997K, capacity 76880K, committed 76952K, reserved 1116160K
  class space    used 9767K, capacity 10395K, committed 10408K, reserved 1048576K
}
Event: 58.170 GC heap before
{Heap before GC invocations=14 (full 3):
 PSYoungGen      total 242176K, used 242175K [0x00000000e0000000, 0x00000000f2d80000, 0x0000000100000000)
  eden space 214528K, 100% used [0x00000000e0000000,0x00000000ed180000,0x00000000ed180000)
  from space 27648K, 99% used [0x00000000ef900000,0x00000000f13ffff8,0x00000000f1400000)
  to   space 40448K, 0% used [0x00000000ed180000,0x00000000ed180000,0x00000000ef900000)
 ParOldGen       total 275456K, used 68298K [0x00000000a0000000, 0x00000000b0d00000, 0x00000000e0000000)
  object space 275456K, 24% used [0x00000000a0000000,0x00000000a42b2a18,0x00000000b0d00000)
 Metaspace       used 87948K, capacity 91980K, committed 92184K, reserved 1128448K
  class space    used 11740K, capacity 12543K, committed 12584K, reserved 1048576K
Event: 58.192 GC heap after
Heap after GC invocations=14 (full 3):
 PSYoungGen      total 254976K, used 18465K [0x00000000e0000000, 0x00000000f3300000, 0x0000000100000000)
  eden space 214528K, 0% used [0x00000000e0000000,0x00000000e0000000,0x00000000ed180000)
  from space 40448K, 45% used [0x00000000ed180000,0x00000000ee3885c0,0x00000000ef900000)
  to   space 38400K, 0% used [0x00000000f0d80000,0x00000000f0d80000,0x00000000f3300000)
 ParOldGen       total 275456K, used 94081K [0x00000000a0000000, 0x00000000b0d00000, 0x00000000e0000000)
  object space 275456K, 34% used [0x00000000a0000000,0x00000000a5be05d8,0x00000000b0d00000)
 Metaspace       used 87948K, capacity 91980K, committed 92184K, reserved 1128448K
  class space    used 11740K, capacity 12543K, committed 12584K, reserved 1048576K
}
Event: 59.430 GC heap before
{Heap before GC invocations=15 (full 3):
 PSYoungGen      total 254976K, used 170571K [0x00000000e0000000, 0x00000000f3300000, 0x0000000100000000)
  eden space 214528K, 70% used [0x00000000e0000000,0x00000000e948a960,0x00000000ed180000)
  from space 40448K, 45% used [0x00000000ed180000,0x00000000ee3885c0,0x00000000ef900000)
  to   space 38400K, 0% used [0x00000000f0d80000,0x00000000f0d80000,0x00000000f3300000)
 ParOldGen       total 275456K, used 94081K [0x00000000a0000000, 0x00000000b0d00000, 0x00000000e0000000)
  object space 275456K, 34% used [0x00000000a0000000,0x00000000a5be05d8,0x00000000b0d00000)
 Metaspace       used 94473K, capacity 98456K, committed 98584K, reserved 1134592K
  class space    used 12467K, capacity 13255K, committed 13352K, reserved 1048576K
Event: 59.447 GC heap after
Heap after GC invocations=15 (full 3):
 PSYoungGen      total 271360K, used 36282K [0x00000000e0000000, 0x00000000f3d80000, 0x0000000100000000)
  eden space 232960K, 0% used [0x00000000e0000000,0x00000000e0000000,0x00000000ee380000)
  from space 38400K, 94% used [0x00000000f0d80000,0x00000000f30ee948,0x00000000f3300000)
  to   space 43008K, 0% used [0x00000000ee380000,0x00000000ee380000,0x00000000f0d80000)
 ParOldGen       total 275456K, used 94089K [0x00000000a0000000, 0x00000000b0d00000, 0x00000000e0000000)
  object space 275456K, 34% used [0x00000000a0000000,0x00000000a5be25d8,0x00000000b0d00000)
 Metaspace       used 94473K, capacity 98456K, committed 98584K, reserved 1134592K
  class space    used 12467K, capacity 13255K, committed 13352K, reserved 1048576K
}
Event: 59.447 GC heap before
{Heap before GC invocations=16 (full 4):
 PSYoungGen      total 271360K, used 36282K [0x00000000e0000000, 0x00000000f3d80000, 0x0000000100000000)
  eden space 232960K, 0% used [0x00000000e0000000,0x00000000e0000000,0x00000000ee380000)
  from space 38400K, 94% used [0x00000000f0d80000,0x00000000f30ee948,0x00000000f3300000)
  to   space 43008K, 0% used [0x00000000ee380000,0x00000000ee380000,0x00000000f0d80000)
 ParOldGen       total 275456K, used 94089K [0x00000000a0000000, 0x00000000b0d00000, 0x00000000e0000000)
  object space 275456K, 34% used [0x00000000a0000000,0x00000000a5be25d8,0x00000000b0d00000)
 Metaspace       used 94473K, capacity 98456K, committed 98584K, reserved 1134592K
  class space    used 12467K, capacity 13255K, committed 13352K, reserved 1048576K
Event: 59.576 GC heap after
Heap after GC invocations=16 (full 4):
 PSYoungGen      total 271360K, used 0K [0x00000000e0000000, 0x00000000f3d80000, 0x0000000100000000)
  eden space 232960K, 0% used [0x00000000e0000000,0x00000000e0000000,0x00000000ee380000)
  from space 38400K, 0% used [0x00000000f0d80000,0x00000000f0d80000,0x00000000f3300000)
  to   space 43008K, 0% used [0x00000000ee380000,0x00000000ee380000,0x00000000f0d80000)
 ParOldGen       total 441344K, used 75353K [0x00000000a0000000, 0x00000000baf00000, 0x00000000e0000000)
  object space 441344K, 17% used [0x00000000a0000000,0x00000000a49964c8,0x00000000baf00000)
 Metaspace       used 93933K, capacity 96930K, committed 98584K, reserved 1134592K
  class space    used 12293K, capacity 12944K, committed 13352K, reserved 1048576K
}

