# JRE version: OpenJDK Runtime Environment (8.0_202-b03) (build 1.8.0_202-release-1483-b03)
# Java VM: OpenJDK 64-Bit Server VM (25.202-b03 mixed mode windows-amd64 compressed oops)
Heap:
 PSYoungGen      total 244736K, used 130155K [0x00000000e0000000, 0x00000000f2e80000, 0x0000000100000000)
  eden space 184832K, 49% used [0x00000000e0000000,0x00000000e59f94e0,0x00000000eb480000)
  from space 59904K, 63% used [0x00000000ef400000,0x00000000f19218e8,0x00000000f2e80000)
  to   space 62464K, 0% used [0x00000000eb480000,0x00000000eb480000,0x00000000ef180000)
 ParOldGen       total 452608K, used 73776K [0x00000000a0000000, 0x00000000bba00000, 0x00000000e0000000)
  object space 452608K, 16% used [0x00000000a0000000,0x00000000a480c320,0x00000000bba00000)
 Metaspace       used 112379K, capacity 116504K, committed 117760K, reserved 1150976K
  class space    used 14326K, capacity 15101K, committed 15360K, reserved 1048576K
GC Heap History (10 events):
Event: 92.239 GC heap before
{Heap before GC invocations=20 (full 4):
 PSYoungGen      total 205312K, used 49633K [0x00000000e0000000, 0x00000000f2080000, 0x0000000100000000)
  eden space 155648K, 0% used [0x00000000e0000000,0x00000000e0000000,0x00000000e9800000)
  from space 49664K, 99% used [0x00000000ed400000,0x00000000f0478710,0x00000000f0480000)
  to   space 61440K, 0% used [0x00000000e9800000,0x00000000e9800000,0x00000000ed400000)
 ParOldGen       total 294912K, used 82781K [0x00000000a0000000, 0x00000000b2000000, 0x00000000e0000000)
  object space 294912K, 28% used [0x00000000a0000000,0x00000000a50d75c8,0x00000000b2000000)
 Metaspace       used 93671K, capacity 98344K, committed 98496K, reserved 1134592K
  class space    used 12362K, capacity 13219K, committed 13312K, reserved 1048576K
Event: 92.386 GC heap after
Heap after GC invocations=20 (full 4):
 PSYoungGen      total 205312K, used 0K [0x00000000e0000000, 0x00000000f2080000, 0x0000000100000000)
  eden space 155648K, 0% used [0x00000000e0000000,0x00000000e0000000,0x00000000e9800000)
  from space 49664K, 0% used [0x00000000ed400000,0x00000000ed400000,0x00000000f0480000)
  to   space 61440K, 0% used [0x00000000e9800000,0x00000000e9800000,0x00000000ed400000)
 ParOldGen       total 452608K, used 73744K [0x00000000a0000000, 0x00000000bba00000, 0x00000000e0000000)
  object space 452608K, 16% used [0x00000000a0000000,0x00000000a4804320,0x00000000bba00000)
 Metaspace       used 93190K, capacity 96964K, committed 98496K, reserved 1134592K
  class space    used 12207K, capacity 12945K, committed 13312K, reserved 1048576K
}
Event: 93.714 GC heap before
{Heap before GC invocations=21 (full 4):
 PSYoungGen      total 205312K, used 155648K [0x00000000e0000000, 0x00000000f2080000, 0x0000000100000000)
  eden space 155648K, 100% used [0x00000000e0000000,0x00000000e9800000,0x00000000e9800000)
  from space 49664K, 0% used [0x00000000ed400000,0x00000000ed400000,0x00000000f0480000)
  to   space 61440K, 0% used [0x00000000e9800000,0x00000000e9800000,0x00000000ed400000)
 ParOldGen       total 452608K, used 73744K [0x00000000a0000000, 0x00000000bba00000, 0x00000000e0000000)
  object space 452608K, 16% used [0x00000000a0000000,0x00000000a4804320,0x00000000bba00000)
 Metaspace       used 98612K, capacity 102404K, committed 104064K, reserved 1138688K
  class space    used 12862K, capacity 13585K, committed 13952K, reserved 1048576K
Event: 93.727 GC heap after
Heap after GC invocations=21 (full 4):
 PSYoungGen      total 217088K, used 29922K [0x00000000e0000000, 0x00000000f1f00000, 0x0000000100000000)
  eden space 155648K, 0% used [0x00000000e0000000,0x00000000e0000000,0x00000000e9800000)
  from space 61440K, 48% used [0x00000000e9800000,0x00000000eb538ac0,0x00000000ed400000)
  to   space 59904K, 0% used [0x00000000ee480000,0x00000000ee480000,0x00000000f1f00000)
 ParOldGen       total 452608K, used 73752K [0x00000000a0000000, 0x00000000bba00000, 0x00000000e0000000)
  object space 452608K, 16% used [0x00000000a0000000,0x00000000a4806320,0x00000000bba00000)
 Metaspace       used 98612K, capacity 102404K, committed 104064K, reserved 1138688K
  class space    used 12862K, capacity 13585K, committed 13952K, reserved 1048576K
}
Event: 218.034 GC heap before
{Heap before GC invocations=22 (full 4):
 PSYoungGen      total 217088K, used 185570K [0x00000000e0000000, 0x00000000f1f00000, 0x0000000100000000)
  eden space 155648K, 100% used [0x00000000e0000000,0x00000000e9800000,0x00000000e9800000)
  from space 61440K, 48% used [0x00000000e9800000,0x00000000eb538ac0,0x00000000ed400000)
  to   space 59904K, 0% used [0x00000000ee480000,0x00000000ee480000,0x00000000f1f00000)
 ParOldGen       total 452608K, used 73752K [0x00000000a0000000, 0x00000000bba00000, 0x00000000e0000000)
  object space 452608K, 16% used [0x00000000a0000000,0x00000000a4806320,0x00000000bba00000)
 Metaspace       used 99297K, capacity 103248K, committed 104576K, reserved 1140736K
  class space    used 12904K, capacity 13693K, committed 13952K, reserved 1048576K
Event: 218.047 GC heap after
Heap after GC invocations=22 (full 4):
 PSYoungGen      total 227840K, used 37010K [0x00000000e0000000, 0x00000000f1c80000, 0x0000000100000000)
  eden space 170496K, 0% used [0x00000000e0000000,0x00000000e0000000,0x00000000ea680000)
  from space 57344K, 64% used [0x00000000ee480000,0x00000000f08a4820,0x00000000f1c80000)
  to   space 60416K, 0% used [0x00000000ea680000,0x00000000ea680000,0x00000000ee180000)
 ParOldGen       total 452608K, used 73760K [0x00000000a0000000, 0x00000000bba00000, 0x00000000e0000000)
  object space 452608K, 16% used [0x00000000a0000000,0x00000000a4808320,0x00000000bba00000)
 Metaspace       used 99297K, capacity 103248K, committed 104576K, reserved 1140736K
  class space    used 12904K, capacity 13693K, committed 13952K, reserved 1048576K
}
Event: 219.310 GC heap before
{Heap before GC invocations=23 (full 4):
 PSYoungGen      total 227840K, used 207506K [0x00000000e0000000, 0x00000000f1c80000, 0x0000000100000000)
  eden space 170496K, 100% used [0x00000000e0000000,0x00000000ea680000,0x00000000ea680000)
  from space 57344K, 64% used [0x00000000ee480000,0x00000000f08a4820,0x00000000f1c80000)
  to   space 60416K, 0% used [0x00000000ea680000,0x00000000ea680000,0x00000000ee180000)
 ParOldGen       total 452608K, used 73760K [0x00000000a0000000, 0x00000000bba00000, 0x00000000e0000000)
  object space 452608K, 16% used [0x00000000a0000000,0x00000000a4808320,0x00000000bba00000)
 Metaspace       used 105530K, capacity 109570K, committed 110976K, reserved 1144832K
  class space    used 13599K, capacity 14368K, committed 14720K, reserved 1048576K
Event: 219.326 GC heap after
Heap after GC invocations=23 (full 4):
 PSYoungGen      total 230912K, used 40255K [0x00000000e0000000, 0x00000000f3080000, 0x0000000100000000)
  eden space 170496K, 0% used [0x00000000e0000000,0x00000000e0000000,0x00000000ea680000)
  from space 60416K, 66% used [0x00000000ea680000,0x00000000ecdcfe80,0x00000000ee180000)
  to   space 61952K, 0% used [0x00000000ef400000,0x00000000ef400000,0x00000000f3080000)
 ParOldGen       total 452608K, used 73768K [0x00000000a0000000, 0x00000000bba00000, 0x00000000e0000000)
  object space 452608K, 16% used [0x00000000a0000000,0x00000000a480a320,0x00000000bba00000)
 Metaspace       used 105530K, capacity 109570K, committed 110976K, reserved 1144832K
  class space    used 13599K, capacity 14368K, committed 14720K, reserved 1048576K
}
Event: 294.623 GC heap before
{Heap before GC invocations=24 (full 4):
 PSYoungGen      total 230912K, used 210751K [0x00000000e0000000, 0x00000000f3080000, 0x0000000100000000)
  eden space 170496K, 100% used [0x00000000e0000000,0x00000000ea680000,0x00000000ea680000)
  from space 60416K, 66% used [0x00000000ea680000,0x00000000ecdcfe80,0x00000000ee180000)
  to   space 61952K, 0% used [0x00000000ef400000,0x00000000ef400000,0x00000000f3080000)
 ParOldGen       total 452608K, used 73768K [0x00000000a0000000, 0x00000000bba00000, 0x00000000e0000000)
  object space 452608K, 16% used [0x00000000a0000000,0x00000000a480a320,0x00000000bba00000)
 Metaspace       used 106204K, capacity 110328K, committed 111488K, reserved 1146880K
  class space    used 13632K, capacity 14429K, committed 14720K, reserved 1048576K
Event: 294.638 GC heap after
Heap after GC invocations=24 (full 4):
 PSYoungGen      total 244736K, used 38022K [0x00000000e0000000, 0x00000000f2e80000, 0x0000000100000000)
  eden space 184832K, 0% used [0x00000000e0000000,0x00000000e0000000,0x00000000eb480000)
  from space 59904K, 63% used [0x00000000ef400000,0x00000000f19218e8,0x00000000f2e80000)
  to   space 62464K, 0% used [0x00000000eb480000,0x00000000eb480000,0x00000000ef180000)
 ParOldGen       total 452608K, used 73776K [0x00000000a0000000, 0x00000000bba00000, 0x00000000e0000000)
  object space 452608K, 16% used [0x00000000a0000000,0x00000000a480c320,0x00000000bba00000)
 Metaspace       used 106204K, capacity 110328K, committed 111488K, reserved 1146880K
  class space    used 13632K, capacity 14429K, committed 14720K, reserved 1048576K
}

